<?xml version="1.0" encoding="UTF-8"?>
<testng-results ignored="0" total="1" passed="1" failed="0" skipped="0">
  <reporter-output>
  </reporter-output>
  <suite started-at="2026-05-03T21:51:10 IST" name="Default suite" finished-at="2026-05-03T21:51:31 IST" duration-ms="21130">
    <groups>
    </groups>
    <test started-at="2026-05-03T21:51:10 IST" name="Default test" finished-at="2026-05-03T21:51:31 IST" duration-ms="21130">
      <class name="Selenium.tests.AppTest">
        <test-method is-config="true" signature="initializeDriver()[pri:0, instance:Selenium.tests.AppTest@6ed3ccb2]" started-at="2026-05-03T21:51:10 IST" name="initializeDriver" finished-at="2026-05-03T21:51:12 IST" duration-ms="1523" status="PASS">
          <reporter-output>
          </reporter-output>
        </test-method> <!-- initializeDriver -->
        <test-method signature="submitOrder()[pri:0, instance:Selenium.tests.AppTest@6ed3ccb2]" started-at="2026-05-03T21:51:12 IST" name="submitOrder" finished-at="2026-05-03T21:51:31 IST" duration-ms="19557" status="PASS">
          <reporter-output>
          </reporter-output>
        </test-method> <!-- submitOrder -->
      </class> <!-- Selenium.tests.AppTest -->
    </test> <!-- Default test -->
  </suite> <!-- Default suite -->
</testng-results>
